<?xml version="1.0" encoding="UTF-8"?>
<testng-results total="1" passed="1" failed="0" skipped="0">
  <reporter-output>
  </reporter-output>
  <suite started-at="2023-07-23T15:14:29Z" name="Default suite" finished-at="2023-07-23T15:14:39Z" duration-ms="9443">
    <groups>
    </groups>
    <test started-at="2023-07-23T15:14:29Z" name="Default test" finished-at="2023-07-23T15:14:39Z" duration-ms="9443">
      <class name="Test.LoginTest">
        <test-method is-config="true" signature="getTestData()[pri:0, instance:Test.LoginTest@babafc2]" started-at="2023-07-23T20:44:29Z" name="getTestData" finished-at="2023-07-23T20:44:29Z" duration-ms="8" status="PASS">
          <reporter-output>
          </reporter-output>
        </test-method> <!-- getTestData -->
        <test-method is-config="true" signature="startApplication()[pri:0, instance:Test.LoginTest@babafc2]" started-at="2023-07-23T20:44:29Z" name="startApplication" finished-at="2023-07-23T20:44:34Z" duration-ms="5156" status="PASS">
          <reporter-output>
          </reporter-output>
        </test-method> <!-- startApplication -->
        <test-method signature="TestCase1()[pri:0, instance:Test.LoginTest@babafc2]" started-at="2023-07-23T20:44:34Z" name="TestCase1" finished-at="2023-07-23T20:44:36Z" duration-ms="1676" status="PASS">
          <reporter-output>
          </reporter-output>
        </test-method> <!-- TestCase1 -->
        <test-method is-config="true" signature="TakeScreenshot(org.testng.ITestResult)[pri:0, instance:Test.LoginTest@babafc2]" started-at="2023-07-23T20:44:36Z" name="TakeScreenshot" finished-at="2023-07-23T20:44:36Z" duration-ms="437" status="PASS">
          <params>
            <param index="0">
              <value>
                <![CDATA[[TestResult name=TestCase1 status=SUCCESS method=LoginTest.TestCase1()[pri:0, instance:Test.LoginTest@babafc2] output={null}]]]>
              </value>
            </param>
          </params>
          <reporter-output>
          </reporter-output>
        </test-method> <!-- TakeScreenshot -->
        <test-method is-config="true" signature="tearDownApplication()[pri:0, instance:Test.LoginTest@babafc2]" started-at="2023-07-23T20:44:36Z" name="tearDownApplication" finished-at="2023-07-23T20:44:39Z" duration-ms="2165" status="PASS">
          <reporter-output>
          </reporter-output>
        </test-method> <!-- tearDownApplication -->
      </class> <!-- Test.LoginTest -->
    </test> <!-- Default test -->
  </suite> <!-- Default suite -->
</testng-results>
