<?xml version="1.0" encoding="UTF-8"?>
<!-- Generated by org.testng.reporters.JUnitXMLReporter -->
<testsuite hostname="Shubham" failures="0" tests="1" name="Test" time="7.355" errors="0" timestamp="23 Jul 2023 17:53:58 GMT">
  <testcase classname="Test.LoginTest" name="@AfterMethod TakeScreenshot" time="0.0">
    <failure type="java.lang.Error" message="Unresolved compilation problem: 
	Unreachable code
">
      <![CDATA[java.lang.Error: Unresolved compilation problem: 
	Unreachable code

	at Page.BaseClass.TakeScreenshot(BaseClass.java:80)
... Removed 26 stack frames]]>
    </failure>
  </testcase> <!-- @AfterMethod TakeScreenshot -->
  <testcase classname="Test.LoginTest" name="@AfterClass tearDownApplication" time="0.0">
    <skipped/>
  </testcase> <!-- @AfterClass tearDownApplication -->
  <testcase classname="Test.LoginTest" name="TestCase1" time="1.772"/>
</testsuite> <!-- Test -->
